  Oblig2_3DProg_Tayisiya_Kiarkhi.cpp
  Window.cpp
C:\Users\Taisa\Desktop\MAIN_MAP_EVERYTHING_IS_HERE\School_tasks_and_lessons\3D\My_Own_Studies\Oblig3_3DProg_Tayisiya_Kiarkhi\Oblig2_3DProg_Tayisiya_Kiarkhi\Window.cpp(102,24): warning C4244: 'initializing': conversion from 'double' to 'GLfloat', possible loss of data
C:\Users\Taisa\Desktop\MAIN_MAP_EVERYTHING_IS_HERE\School_tasks_and_lessons\3D\My_Own_Studies\Oblig3_3DProg_Tayisiya_Kiarkhi\Oblig2_3DProg_Tayisiya_Kiarkhi\Window.cpp(184,88): warning C4244: 'argument': conversion from 'GLint' to 'GLfloat', possible loss of data
C:\Users\Taisa\Desktop\MAIN_MAP_EVERYTHING_IS_HERE\School_tasks_and_lessons\3D\My_Own_Studies\Oblig3_3DProg_Tayisiya_Kiarkhi\Oblig2_3DProg_Tayisiya_Kiarkhi\Window.cpp(184,71): warning C4244: 'argument': conversion from 'GLint' to 'GLfloat', possible loss of data
C:\Users\Taisa\Desktop\MAIN_MAP_EVERYTHING_IS_HERE\School_tasks_and_lessons\3D\My_Own_Studies\Oblig3_3DProg_Tayisiya_Kiarkhi\Oblig2_3DProg_Tayisiya_Kiarkhi\Window.cpp(184,50): warning C4244: 'argument': conversion from 'GLint' to 'GLfloat', possible loss of data
C:\Users\Taisa\Desktop\MAIN_MAP_EVERYTHING_IS_HERE\School_tasks_and_lessons\3D\My_Own_Studies\Oblig3_3DProg_Tayisiya_Kiarkhi\Oblig2_3DProg_Tayisiya_Kiarkhi\Window.cpp(184,25): warning C4244: 'argument': conversion from 'GLint' to 'GLfloat', possible loss of data
C:\Users\Taisa\Desktop\MAIN_MAP_EVERYTHING_IS_HERE\School_tasks_and_lessons\3D\My_Own_Studies\Oblig3_3DProg_Tayisiya_Kiarkhi\Oblig2_3DProg_Tayisiya_Kiarkhi\Window.cpp(327,87): warning C4244: 'argument': conversion from 'GLint' to 'GLfloat', possible loss of data
C:\Users\Taisa\Desktop\MAIN_MAP_EVERYTHING_IS_HERE\School_tasks_and_lessons\3D\My_Own_Studies\Oblig3_3DProg_Tayisiya_Kiarkhi\Oblig2_3DProg_Tayisiya_Kiarkhi\Window.cpp(327,70): warning C4244: 'argument': conversion from 'GLint' to 'GLfloat', possible loss of data
C:\Users\Taisa\Desktop\MAIN_MAP_EVERYTHING_IS_HERE\School_tasks_and_lessons\3D\My_Own_Studies\Oblig3_3DProg_Tayisiya_Kiarkhi\Oblig2_3DProg_Tayisiya_Kiarkhi\Window.cpp(327,49): warning C4244: 'argument': conversion from 'GLint' to 'GLfloat', possible loss of data
C:\Users\Taisa\Desktop\MAIN_MAP_EVERYTHING_IS_HERE\School_tasks_and_lessons\3D\My_Own_Studies\Oblig3_3DProg_Tayisiya_Kiarkhi\Oblig2_3DProg_Tayisiya_Kiarkhi\Window.cpp(327,24): warning C4244: 'argument': conversion from 'GLint' to 'GLfloat', possible loss of data
C:\Users\Taisa\Desktop\MAIN_MAP_EVERYTHING_IS_HERE\School_tasks_and_lessons\3D\My_Own_Studies\Oblig3_3DProg_Tayisiya_Kiarkhi\Oblig2_3DProg_Tayisiya_Kiarkhi\Window.cpp(351,29): warning C4244: '=': conversion from 'double' to 'GLfloat', possible loss of data
C:\Users\Taisa\Desktop\MAIN_MAP_EVERYTHING_IS_HERE\School_tasks_and_lessons\3D\My_Own_Studies\Oblig3_3DProg_Tayisiya_Kiarkhi\Oblig2_3DProg_Tayisiya_Kiarkhi\Window.cpp(352,29): warning C4244: '=': conversion from 'double' to 'GLfloat', possible loss of data
C:\Users\Taisa\Desktop\MAIN_MAP_EVERYTHING_IS_HERE\School_tasks_and_lessons\3D\My_Own_Studies\Oblig3_3DProg_Tayisiya_Kiarkhi\Oblig2_3DProg_Tayisiya_Kiarkhi\Window.cpp(356,28): warning C4244: '=': conversion from 'double' to 'GLfloat', possible loss of data
C:\Users\Taisa\Desktop\MAIN_MAP_EVERYTHING_IS_HERE\School_tasks_and_lessons\3D\My_Own_Studies\Oblig3_3DProg_Tayisiya_Kiarkhi\Oblig2_3DProg_Tayisiya_Kiarkhi\Window.cpp(357,28): warning C4244: '=': conversion from 'double' to 'GLfloat', possible loss of data
C:\Users\Taisa\Desktop\MAIN_MAP_EVERYTHING_IS_HERE\School_tasks_and_lessons\3D\My_Own_Studies\Oblig3_3DProg_Tayisiya_Kiarkhi\Oblig2_3DProg_Tayisiya_Kiarkhi\Window.cpp(359,29): warning C4244: '=': conversion from 'double' to 'GLfloat', possible loss of data
C:\Users\Taisa\Desktop\MAIN_MAP_EVERYTHING_IS_HERE\School_tasks_and_lessons\3D\My_Own_Studies\Oblig3_3DProg_Tayisiya_Kiarkhi\Oblig2_3DProg_Tayisiya_Kiarkhi\Window.cpp(360,29): warning C4244: '=': conversion from 'double' to 'GLfloat', possible loss of data
C:\Users\Taisa\Desktop\MAIN_MAP_EVERYTHING_IS_HERE\School_tasks_and_lessons\3D\My_Own_Studies\Oblig3_3DProg_Tayisiya_Kiarkhi\Oblig2_3DProg_Tayisiya_Kiarkhi\Window.cpp(371,20): warning C4018: '<': signed/unsigned mismatch
C:\Users\Taisa\Desktop\MAIN_MAP_EVERYTHING_IS_HERE\School_tasks_and_lessons\3D\My_Own_Studies\Oblig3_3DProg_Tayisiya_Kiarkhi\Oblig2_3DProg_Tayisiya_Kiarkhi\Window.cpp(372,10): warning C4018: '>=': signed/unsigned mismatch
  Generating Code...
  Oblig2_3DProg_Tayisiya_Kiarkhi.vcxproj -> C:\Users\Taisa\Desktop\MAIN_MAP_EVERYTHING_IS_HERE\School_tasks_and_lessons\3D\My_Own_Studies\Oblig3_3DProg_Tayisiya_Kiarkhi\Debug\Oblig2_3DProg_Tayisiya_Kiarkhi.exe
