c:\users\taisa\desktop\3d\my_own_studies\oblig2_3dprog_tayisiya_kiarkhi\oblig2_3dprog_tayisiya_kiarkhi\debug\oblig2_3dprog_tayisiya_kiarkhi.pdb
c:\users\taisa\desktop\3d\my_own_studies\oblig2_3dprog_tayisiya_kiarkhi\oblig2_3dprog_tayisiya_kiarkhi\debug\oblig2_3dprog_tayisiya_kiarkhi.idb
c:\users\taisa\desktop\3d\my_own_studies\oblig2_3dprog_tayisiya_kiarkhi\oblig2_3dprog_tayisiya_kiarkhi\debug\window.obj
c:\users\taisa\desktop\3d\my_own_studies\oblig2_3dprog_tayisiya_kiarkhi\oblig2_3dprog_tayisiya_kiarkhi\debug\vertex.obj
c:\users\taisa\desktop\3d\my_own_studies\oblig2_3dprog_tayisiya_kiarkhi\oblig2_3dprog_tayisiya_kiarkhi\debug\shader.obj
c:\users\taisa\desktop\3d\my_own_studies\oblig2_3dprog_tayisiya_kiarkhi\oblig2_3dprog_tayisiya_kiarkhi\debug\oblig2_3dprog_tayisiya_kiarkhi.obj
c:\users\taisa\desktop\3d\my_own_studies\oblig2_3dprog_tayisiya_kiarkhi\oblig2_3dprog_tayisiya_kiarkhi\debug\xyz.obj
c:\users\taisa\desktop\3d\my_own_studies\oblig2_3dprog_tayisiya_kiarkhi\oblig2_3dprog_tayisiya_kiarkhi\debug\visualobject.obj
c:\users\taisa\desktop\3d\my_own_studies\oblig2_3dprog_tayisiya_kiarkhi\oblig2_3dprog_tayisiya_kiarkhi\debug\camera.obj
c:\users\taisa\desktop\3d\my_own_studies\oblig2_3dprog_tayisiya_kiarkhi\oblig2_3dprog_tayisiya_kiarkhi\debug\house.obj
c:\users\taisa\desktop\3d\my_own_studies\oblig2_3dprog_tayisiya_kiarkhi\oblig2_3dprog_tayisiya_kiarkhi\debug\tetragons.obj
c:\users\taisa\desktop\3d\my_own_studies\oblig2_3dprog_tayisiya_kiarkhi\oblig2_3dprog_tayisiya_kiarkhi\debug\surface.obj
c:\users\taisa\desktop\3d\my_own_studies\oblig2_3dprog_tayisiya_kiarkhi\oblig2_3dprog_tayisiya_kiarkhi\debug\house_object.obj
c:\users\taisa\desktop\3d\my_own_studies\oblig2_3dprog_tayisiya_kiarkhi\oblig2_3dprog_tayisiya_kiarkhi\debug\interactive_object.obj
c:\users\taisa\desktop\3d\my_own_studies\oblig2_3dprog_tayisiya_kiarkhi\oblig2_3dprog_tayisiya_kiarkhi\debug\npc.obj
c:\users\taisa\desktop\3d\my_own_studies\oblig2_3dprog_tayisiya_kiarkhi\debug\oblig2_3dprog_tayisiya_kiarkhi.exe
c:\users\taisa\desktop\3d\my_own_studies\oblig2_3dprog_tayisiya_kiarkhi\oblig2_3dprog_tayisiya_kiarkhi\debug\oblig2_3dprog_tayisiya_kiarkhi.ilk
c:\users\taisa\desktop\3d\my_own_studies\oblig2_3dprog_tayisiya_kiarkhi\oblig2_3dprog_tayisiya_kiarkhi\debug\oblig2_3.cb87a9f2.tlog\cl.command.1.tlog
c:\users\taisa\desktop\3d\my_own_studies\oblig2_3dprog_tayisiya_kiarkhi\oblig2_3dprog_tayisiya_kiarkhi\debug\oblig2_3.cb87a9f2.tlog\cl.read.1.tlog
c:\users\taisa\desktop\3d\my_own_studies\oblig2_3dprog_tayisiya_kiarkhi\oblig2_3dprog_tayisiya_kiarkhi\debug\oblig2_3.cb87a9f2.tlog\cl.write.1.tlog
c:\users\taisa\desktop\3d\my_own_studies\oblig2_3dprog_tayisiya_kiarkhi\oblig2_3dprog_tayisiya_kiarkhi\debug\oblig2_3.cb87a9f2.tlog\link.command.1.tlog
c:\users\taisa\desktop\3d\my_own_studies\oblig2_3dprog_tayisiya_kiarkhi\oblig2_3dprog_tayisiya_kiarkhi\debug\oblig2_3.cb87a9f2.tlog\link.read.1.tlog
c:\users\taisa\desktop\3d\my_own_studies\oblig2_3dprog_tayisiya_kiarkhi\oblig2_3dprog_tayisiya_kiarkhi\debug\oblig2_3.cb87a9f2.tlog\link.write.1.tlog
